2020-06-26 10:46:09,120 INFO c.i.m.MidtermProjectApplication [restartedMain] Starting MidtermProjectApplication on DESKTOP-AC8J89R with PID 22404 (C:\Workspace\midtermProject\midtermProject\target\classes started by rakel in C:\Workspace\midtermProject\midtermProject)
2020-06-26 10:46:09,189 INFO c.i.m.MidtermProjectApplication [restartedMain] No active profile set, falling back to default profiles: default
2020-06-26 10:46:09,223 INFO o.s.b.d.e.DevToolsPropertyDefaultsPostProcessor [restartedMain] Devtools property defaults active! Set 'spring.devtools.add-properties' to 'false' to disable
2020-06-26 10:46:09,226 INFO o.s.b.d.e.DevToolsPropertyDefaultsPostProcessor [restartedMain] For additional web related logging consider setting the 'logging.level.web' property to 'DEBUG'
2020-06-26 10:46:10,192 INFO o.s.c.s.PostProcessorRegistrationDelegate$BeanPostProcessorChecker [restartedMain] Bean 'org.springframework.security.access.expression.method.DefaultMethodSecurityExpressionHandler@37df1333' of type [org.springframework.security.access.expression.method.DefaultMethodSecurityExpressionHandler] is not eligible for getting processed by all BeanPostProcessors (for example: not eligible for auto-proxying)
2020-06-26 10:46:10,198 INFO o.s.c.s.PostProcessorRegistrationDelegate$BeanPostProcessorChecker [restartedMain] Bean 'methodSecurityMetadataSource' of type [org.springframework.security.access.method.DelegatingMethodSecurityMetadataSource] is not eligible for getting processed by all BeanPostProcessors (for example: not eligible for auto-proxying)
2020-06-26 10:46:10,377 INFO o.s.b.w.e.t.TomcatWebServer [restartedMain] Tomcat initialized with port(s): 8080 (http)
2020-06-26 10:46:10,464 INFO o.s.b.w.s.c.ServletWebServerApplicationContext [restartedMain] Root WebApplicationContext: initialization completed in 1235 ms
2020-06-26 10:46:10,570 INFO o.s.s.c.ThreadPoolTaskExecutor [restartedMain] Initializing ExecutorService 'applicationTaskExecutor'
2020-06-26 10:46:10,605 INFO o.h.j.i.u.LogHelper [task-1] HHH000204: Processing PersistenceUnitInfo [name: default]
2020-06-26 10:46:10,653 INFO o.h.Version [task-1] HHH000412: Hibernate ORM core version 5.4.17.Final
2020-06-26 10:46:10,674 WARN o.s.b.a.o.j.JpaBaseConfiguration$JpaWebConfiguration [restartedMain] spring.jpa.open-in-view is enabled by default. Therefore, database queries may be performed during view rendering. Explicitly configure spring.jpa.open-in-view to disable this warning
2020-06-26 10:46:10,738 INFO o.h.a.c.Version [task-1] HCANN000001: Hibernate Commons Annotations {5.1.0.Final}
2020-06-26 10:46:10,925 INFO s.d.s.w.PropertySourcedRequestMappingHandlerMapping [restartedMain] Mapped URL path [/v2/api-docs] onto method [springfox.documentation.swagger2.web.Swagger2Controller#getDocumentation(String, HttpServletRequest)]
2020-06-26 10:46:10,991 INFO o.h.d.Dialect [task-1] HHH000400: Using dialect: org.hibernate.dialect.MySQL8Dialect
2020-06-26 10:46:11,032 INFO o.s.b.d.a.OptionalLiveReloadServer [restartedMain] LiveReload server is running on port 35729
2020-06-26 10:46:11,234 INFO o.s.s.w.DefaultSecurityFilterChain [restartedMain] Creating filter chain: any request, [org.springframework.security.web.context.request.async.WebAsyncManagerIntegrationFilter@536d7ee2, org.springframework.security.web.context.SecurityContextPersistenceFilter@3626b32d, org.springframework.security.web.header.HeaderWriterFilter@37e36830, org.springframework.web.filter.CorsFilter@387ff21a, org.springframework.security.web.authentication.logout.LogoutFilter@1eb3b7e8, org.springframework.security.web.authentication.www.BasicAuthenticationFilter@59d518b9, org.springframework.security.web.savedrequest.RequestCacheAwareFilter@7954c154, org.springframework.security.web.servletapi.SecurityContextHolderAwareRequestFilter@567fa33b, org.springframework.security.web.authentication.AnonymousAuthenticationFilter@311e4f2, org.springframework.security.web.session.SessionManagementFilter@16ee760a, org.springframework.security.web.access.ExceptionTranslationFilter@7f69afe7, org.springframework.security.web.access.intercept.FilterSecurityInterceptor@74e985e4]
2020-06-26 10:46:11,298 INFO o.s.b.w.e.t.TomcatWebServer [restartedMain] Tomcat started on port(s): 8080 (http) with context path ''
2020-06-26 10:46:12,033 INFO o.h.e.t.j.p.i.JtaPlatformInitiator [task-1] HHH000490: Using JtaPlatform implementation: [org.hibernate.engine.transaction.jta.platform.internal.NoJtaPlatform]
2020-06-26 10:46:12,040 INFO o.s.o.j.LocalContainerEntityManagerFactoryBean [task-1] Initialized JPA EntityManagerFactory for persistence unit 'default'
2020-06-26 10:46:12,387 INFO c.i.m.MidtermProjectApplication [restartedMain] Started MidtermProjectApplication in 3.456 seconds (JVM running for 4.555)
2020-06-26 10:46:27,095 INFO o.s.w.s.DispatcherServlet [http-nio-8080-exec-1] Initializing Servlet 'dispatcherServlet'
2020-06-26 10:46:27,103 INFO o.s.w.s.DispatcherServlet [http-nio-8080-exec-1] Completed initialization in 6 ms
